<?xml version="1.0" encoding="UTF-8"?>
<!-- Generated by org.testng.reporters.JUnitReportReporter -->
<testsuite hostname="DESKTOP-DMS24MU" failures="0" tests="1" name="tuto.eclipse.testCases.TestBookingJAL1" time="14.228" errors="0" timestamp="04 juin 2019 13:38:35 GMT" skipped="0">
  <testcase classname="tuto.eclipse.testCases.TestBookingJAL1" name="testBooking1" time="14.228"/>
</testsuite> <!-- tuto.eclipse.testCases.TestBookingJAL1 -->
