<?xml version="1.0" encoding="UTF-8"?>
<!-- Generated by org.testng.reporters.JUnitReportReporter -->
<testsuite hostname="DESKTOP-DMS24MU" failures="0" tests="2" name="tuto.eclipse.jal.selenium.ng.TestBookingNG" time="15.119" errors="0" timestamp="03 juin 2019 13:53:05 GMT" skipped="0">
  <testcase classname="tuto.eclipse.jal.selenium.ng.TestBookingNG" name="verifyHomepageTitle" time="3.291"/>
  <testcase classname="tuto.eclipse.jal.selenium.ng.TestBookingNG" name="verifyWeFindFlights" time="11.828"/>
</testsuite> <!-- tuto.eclipse.jal.selenium.ng.TestBookingNG -->
