<?xml version="1.0" encoding="UTF-8"?>
<!-- Generated by org.testng.reporters.JUnitReportReporter -->
<testsuite hostname="DESKTOP-DMS24MU" failures="0" tests="1" name="tuto.eclipse.testCases.TestBookingJAL1" time="1.299" errors="0" timestamp="03 juin 2019 13:53:05 GMT" skipped="0">
  <testcase classname="tuto.eclipse.testCases.TestBookingJAL1" name="testBooking1" time="1.299"/>
</testsuite> <!-- tuto.eclipse.testCases.TestBookingJAL1 -->
